<?xml version="1.0" encoding="UTF-8"?>
<testng-results skipped="0" failed="0" total="2" passed="2">
  <reporter-output>
  </reporter-output>
  <suite name="Default suite" duration-ms="171" started-at="2015-04-20T05:32:44Z" finished-at="2015-04-20T05:32:44Z">
    <groups>
    </groups>
    <test name="Default test" duration-ms="171" started-at="2015-04-20T05:32:44Z" finished-at="2015-04-20T05:32:44Z">
      <class name="Model.ProductTest">
        <test-method status="PASS" signature="init()[pri:0, instance:Model.ProductTest@2c22f3]" name="init" is-config="true" duration-ms="29" started-at="2015-04-20T08:32:44Z" finished-at="2015-04-20T08:32:44Z">
          <reporter-output>
          </reporter-output>
        </test-method> <!-- init -->
        <test-method status="PASS" signature="testCompare()[pri:0, instance:Model.ProductTest@2c22f3]" name="testCompare" duration-ms="82" started-at="2015-04-20T08:32:44Z" finished-at="2015-04-20T08:32:44Z">
          <reporter-output>
          </reporter-output>
        </test-method> <!-- testCompare -->
        <test-method status="PASS" signature="testEquals()[pri:0, instance:Model.ProductTest@2c22f3]" name="testEquals" duration-ms="5" started-at="2015-04-20T08:32:44Z" finished-at="2015-04-20T08:32:44Z">
          <reporter-output>
          </reporter-output>
        </test-method> <!-- testEquals -->
      </class> <!-- Model.ProductTest -->
    </test> <!-- Default test -->
  </suite> <!-- Default suite -->
</testng-results>
